#
# There is insufficient memory for the Java Runtime Environment to continue.
# Native memory allocation (malloc) failed to allocate 33360 bytes for Chunk::new
# Possible reasons:
#   The system is out of physical RAM or swap space
#   In 32 bit mode, the process size limit was hit
# Possible solutions:
#   Reduce memory load on the system
#   Increase physical memory or swap space
#   Check if swap backing store is full
#   Use 64 bit Java on a 64 bit OS
#   Decrease Java heap size (-Xmx/-Xms)
#   Decrease number of Java threads
#   Decrease Java thread stack sizes (-Xss)
#   Set larger code cache with -XX:ReservedCodeCacheSize=
# This output file may be truncated or incomplete.
#
#  Out of Memory Error (allocation.cpp:390), pid=12812, tid=0x0000000000003518
#
# JRE version: Java(TM) SE Runtime Environment (8.0_92-b14) (build 1.8.0_92-b14)
# Java VM: Java HotSpot(TM) 64-Bit Server VM (25.92-b14 mixed mode windows-amd64 compressed oops)
# Failed to write core dump. Minidumps are not enabled by default on client versions of Windows
#

---------------  T H R E A D  ---------------

Current thread (0x0000000017bec000):  JavaThread "C2 CompilerThread1" daemon [_thread_in_native, id=13592, stack(0x00000000184a0000,0x00000000185a0000)]

Stack: [0x00000000184a0000,0x00000000185a0000]
[error occurred during error reporting (printing stack bounds), id 0xc0000005]

Native frames: (J=compiled Java code, j=interpreted, Vv=VM code, C=native code)


Current CompileTask:
C2:   3407 1678       4       com.android.dx.dex.code.OutputFinisher::addConstants (68 bytes)


---------------  P R O C E S S  ---------------

Java Threads: ( => current thread )
  0x0000000017f11800 JavaThread "pool-1-thread-1" [_thread_in_vm, id=7392, stack(0x000000001b640000,0x000000001b740000)]
  0x0000000017c58000 JavaThread "Service Thread" daemon [_thread_blocked, id=9244, stack(0x00000000187a0000,0x00000000188a0000)]
  0x0000000017bf6000 JavaThread "C1 CompilerThread3" daemon [_thread_blocked, id=5372, stack(0x00000000186a0000,0x00000000187a0000)]
  0x0000000017bee000 JavaThread "C2 CompilerThread2" daemon [_thread_blocked, id=14060, stack(0x00000000185a0000,0x00000000186a0000)]
=>0x0000000017bec000 JavaThread "C2 CompilerThread1" daemon [_thread_in_native, id=13592, stack(0x00000000184a0000,0x00000000185a0000)]
  0x0000000017be8000 JavaThread "C2 CompilerThread0" daemon [_thread_in_native, id=1636, stack(0x00000000183a0000,0x00000000184a0000)]
  0x0000000017be7000 JavaThread "Attach Listener" daemon [_thread_blocked, id=13080, stack(0x00000000182a0000,0x00000000183a0000)]
  0x0000000017be4000 JavaThread "Signal Dispatcher" daemon [_thread_blocked, id=10860, stack(0x00000000181a0000,0x00000000182a0000)]
  0x0000000017be0800 JavaThread "Finalizer" daemon [_thread_blocked, id=4788, stack(0x0000000017fc0000,0x00000000180c0000)]
  0x00000000031b4000 JavaThread "Reference Handler" daemon [_thread_blocked, id=14140, stack(0x0000000017ac0000,0x0000000017bc0000)]
  0x0000000002fbe000 JavaThread "main" [_thread_blocked, id=12628, stack(0x0000000002e80000,0x0000000002f80000)]

Other Threads:
  0x0000000015cd9800 VMThread [stack: 0x00000000179c0000,0x0000000017ac0000] [id=13992]
  0x0000000017c5a800 WatcherThread [stack: 0x00000000188a0000,0x00000000189a0000] [id=6940]

VM state:not at safepoint (normal execution)

VM Mutex/Monitor currently owned by a thread: None

Heap:
 PSYoungGen      total 57344K, used 48085K [0x00000000eab00000, 0x00000000f1b00000, 0x0000000100000000)
  eden space 49152K, 81% used [0x00000000eab00000,0x00000000ed1fad30,0x00000000edb00000)
  from space 8192K, 99% used [0x00000000edb00000,0x00000000ee2fa7b8,0x00000000ee300000)
  to   space 8192K, 0% used [0x00000000f1300000,0x00000000f1300000,0x00000000f1b00000)
 ParOldGen       total 131072K, used 695K [0x00000000c0000000, 0x00000000c8000000, 0x00000000eab00000)
  object space 131072K, 0% used [0x00000000c0000000,0x00000000c00adf00,0x00000000c8000000)
 Metaspace       used 6303K, capacity 7160K, committed 7296K, reserved 1056768K
  class space    used 611K, capacity 624K, committed 640K, reserved 1048576K

Card table byte_map: [0x0000000012580000,0x0000000012790000] byte_map_base: 0x0000000011f80000

Marking Bits: (ParMarkBitMap*) 0x0000000052c064f0
 Begin Bits: [0x00000000130f0000, 0x00000000140f0000)
 End Bits:   [0x00000000140f0000, 0x00000000150f0000)

Polling page: 0x0000000001630000

CodeCache: size=245760Kb used=6726Kb max_used=6742Kb free=239033Kb
 bounds [0x00000000031c0000, 0x0000000003860000, 0x00000000121c0000]
 total_blobs=1942 nmethods=1674 adapters=182
 compilation: enabled

Compilation events (10 events):
Event: 3.341 Thread 0x0000000017bf6000 nmethod 1681 0x000000000384c010 code [0x000000000384c180, 0x000000000384c510]
Event: 3.341 Thread 0x0000000017bf6000 1682       3       java.util.HashMap$KeySet::iterator (12 bytes)
Event: 3.341 Thread 0x0000000017bf6000 nmethod 1682 0x000000000384da10 code [0x000000000384db80, 0x000000000384dde8]
Event: 3.345 Thread 0x0000000017bee000 1683       4       java.util.HashMap::putVal (300 bytes)
Event: 3.347 Thread 0x0000000017bf6000 1685       3       com.android.dx.dex.file.DebugInfoItem::<init> (36 bytes)
Event: 3.347 Thread 0x0000000017bf6000 nmethod 1685 0x000000000384ac50 code [0x000000000384adc0, 0x000000000384b0b8]
Event: 3.357 Thread 0x0000000017bee000 nmethod 1683 0x0000000003857bd0 code [0x0000000003857d80, 0x0000000003858558]
Event: 3.357 Thread 0x0000000017bee000 1684       4       com.android.dx.rop.cst.CstType::hashCode (8 bytes)
Event: 3.360 Thread 0x0000000017bee000 nmethod 1684 0x0000000003854a10 code [0x0000000003854b60, 0x0000000003854cf8]
Event: 3.360 Thread 0x0000000017bee000 1686   !   4       com.android.dx.rop.cst.CstType::intern (48 bytes)

GC Heap History (2 events):
Event: 2.468 GC heap before
{Heap before GC invocations=1 (full 0):
 PSYoungGen      total 57344K, used 49152K [0x00000000eab00000, 0x00000000eeb00000, 0x0000000100000000)
  eden space 49152K, 100% used [0x00000000eab00000,0x00000000edb00000,0x00000000edb00000)
  from space 8192K, 0% used [0x00000000ee300000,0x00000000ee300000,0x00000000eeb00000)
  to   space 8192K, 0% used [0x00000000edb00000,0x00000000edb00000,0x00000000ee300000)
 ParOldGen       total 131072K, used 0K [0x00000000c0000000, 0x00000000c8000000, 0x00000000eab00000)
  object space 131072K, 0% used [0x00000000c0000000,0x00000000c0000000,0x00000000c8000000)
 Metaspace       used 6072K, capacity 6962K, committed 7040K, reserved 1056768K
  class space    used 603K, capacity 618K, committed 640K, reserved 1048576K
Event: 2.536 GC heap after
Heap after GC invocations=1 (full 0):
 PSYoungGen      total 57344K, used 8169K [0x00000000eab00000, 0x00000000f1b00000, 0x0000000100000000)
  eden space 49152K, 0% used [0x00000000eab00000,0x00000000eab00000,0x00000000edb00000)
  from space 8192K, 99% used [0x00000000edb00000,0x00000000ee2fa7b8,0x00000000ee300000)
  to   space 8192K, 0% used [0x00000000f1300000,0x00000000f1300000,0x00000000f1b00000)
 ParOldGen       total 131072K, used 695K [0x00000000c0000000, 0x00000000c8000000, 0x00000000eab00000)
  object space 131072K, 0% used [0x00000000c0000000,0x00000000c00adf00,0x00000000c8000000)
 Metaspace       used 6072K, capacity 6962K, committed 7040K, reserved 1056768K
  class space    used 603K, capacity 618K, committed 640K, reserved 1048576K
}

Deoptimization events (10 events):
Event: 3.305 Thread 0x0000000017f11800 Uncommon trap: reason=bimorphic action=maybe_recompile pc=0x00000000034b5100 method=java.util.HashMap.getNode(ILjava/lang/Object;)Ljava/util/HashMap$Node; @ 126
Event: 3.312 Thread 0x0000000017f11800 Uncommon trap: reason=bimorphic action=maybe_recompile pc=0x00000000034b5100 method=java.util.HashMap.getNode(ILjava/lang/Object;)Ljava/util/HashMap$Node; @ 126
Event: 3.312 Thread 0x0000000017f11800 Uncommon trap: reason=class_check action=maybe_recompile pc=0x0000000003702b90 method=java.util.HashMap.putVal(ILjava/lang/Object;Ljava/lang/Object;ZZ)Ljava/lang/Object; @ 203
Event: 3.312 Thread 0x0000000017f11800 Uncommon trap: reason=bimorphic action=maybe_recompile pc=0x00000000034b5100 method=java.util.HashMap.getNode(ILjava/lang/Object;)Ljava/util/HashMap$Node; @ 126
Event: 3.312 Thread 0x0000000017f11800 Uncommon trap: reason=bimorphic action=maybe_recompile pc=0x00000000034f5fb0 method=java.util.HashMap.getNode(ILjava/lang/Object;)Ljava/util/HashMap$Node; @ 126
Event: 3.312 Thread 0x0000000017f11800 Uncommon trap: reason=class_check action=maybe_recompile pc=0x0000000003702b90 method=java.util.HashMap.putVal(ILjava/lang/Object;Ljava/lang/Object;ZZ)Ljava/lang/Object; @ 203
Event: 3.313 Thread 0x0000000017f11800 Uncommon trap: reason=class_check action=maybe_recompile pc=0x0000000003702b90 method=java.util.HashMap.putVal(ILjava/lang/Object;Ljava/lang/Object;ZZ)Ljava/lang/Object; @ 203
Event: 3.313 Thread 0x0000000017f11800 Uncommon trap: reason=class_check action=maybe_recompile pc=0x0000000003702b90 method=java.util.HashMap.putVal(ILjava/lang/Object;Ljava/lang/Object;ZZ)Ljava/lang/Object; @ 203
Event: 3.328 Thread 0x0000000017f11800 Uncommon trap: reason=bimorphic action=maybe_recompile pc=0x000000000384d014 method=java.util.HashMap.putVal(ILjava/lang/Object;Ljava/lang/Object;ZZ)Ljava/lang/Object; @ 203
Event: 3.328 Thread 0x0000000017f11800 Uncommon trap: reason=unstable_if action=reinterpret pc=0x000000000384cfc8 method=java.util.HashMap.putVal(ILjava/lang/Object;Ljava/lang/Object;ZZ)Ljava/lang/Object; @ 94

Internal exceptions (3 events):
Event: 0.869 Thread 0x0000000002fbe000 Exception <a 'java/lang/NoSuchMethodError': Method sun.misc.Unsafe.defineClass(Ljava/lang/String;[BII)Ljava/lang/Class; name or signature does not match> (0x00000000eab07cc0) thrown at [D:\re\workspace\8-2-build-windows-amd64-cygwin\jdk8u92\6642\hotspot\sr^ñä”˝–Î?
Event: 0.869 Thread 0x0000000002fbe000 Exception <a 'java/lang/NoSuchMethodError': Method sun.misc.Unsafe.prefetchRead(Ljava/lang/Object;J)V name or signature does not match> (0x00000000eab07fa8) thrown at [D:\re\workspace\8-2-build-windows-amd64-cygwin\jdk8u92\6642\hotspot\src\share\vm\prims\jUçCÚ@
Event: 2.243 Thread 0x0000000017f17800 Implicit null exception at 0x00000000034a9bae to 0x00000000034ab13d

Events (10 events):
Event: 3.313 Thread 0x0000000017f11800 DEOPT PACKING pc=0x0000000003702b90 sp=0x000000001b73ee30
Event: 3.313 Thread 0x0000000017f11800 DEOPT UNPACKING pc=0x000000000320582a sp=0x000000001b73edb8 mode 2
Event: 3.328 Thread 0x0000000017f11800 Uncommon trap: trap_request=0xffffffc6 fr.pc=0x000000000384d014
Event: 3.328 Thread 0x0000000017f11800 DEOPT PACKING pc=0x000000000384d014 sp=0x000000001b73ed60
Event: 3.328 Thread 0x0000000017f11800 DEOPT UNPACKING pc=0x000000000320582a sp=0x000000001b73ece8 mode 2
Event: 3.328 Thread 0x0000000017f11800 Uncommon trap: trap_request=0xffffff65 fr.pc=0x000000000384cfc8
Event: 3.328 Thread 0x0000000017f11800 DEOPT PACKING pc=0x000000000384cfc8 sp=0x000000001b73ed60
Event: 3.328 Thread 0x0000000017f11800 DEOPT UNPACKING pc=0x000000000320582a sp=0x000000001b73ecf0 mode 2
Event: 3.330 loading class com/android/dx/dex/file/CatchStructs
Event: 3.330 loading class com/android/dx/dex/file/CatchStructs done


Dynamic libraries:
0x00007ff7e4e80000 - 0x00007ff7e4eb7000 	C:\Program Files\Java\jdk1.8.0_92\bin\java.exe
0x00007ffa34540000 - 0x00007ffa34701000 	C:\WINDOWS\SYSTEM32\ntdll.dll
0x00007ffa31f10000 - 0x00007ffa31fbd000 	C:\WINDOWS\system32\KERNEL32.DLL
0x00007ffa313f0000 - 0x00007ffa315d8000 	C:\WINDOWS\system32\KERNELBASE.dll
0x00007ffa32800000 - 0x00007ffa328a7000 	C:\WINDOWS\system32\ADVAPI32.dll
0x00007ffa324f0000 - 0x00007ffa3258d000 	C:\WINDOWS\system32\msvcrt.dll
0x00007ffa321f0000 - 0x00007ffa3224b000 	C:\WINDOWS\system32\sechost.dll
0x00007ffa32590000 - 0x00007ffa326ac000 	C:\WINDOWS\system32\RPCRT4.dll
0x00007ffa34280000 - 0x00007ffa343d6000 	C:\WINDOWS\system32\USER32.dll
0x00007ffa322e0000 - 0x00007ffa32466000 	C:\WINDOWS\system32\GDI32.dll
0x00007ffa2ae70000 - 0x00007ffa2b0e4000 	C:\WINDOWS\WinSxS\amd64_microsoft.windows.common-controls_6595b64144ccf1df_6.0.10586.494_none_a2d8b04ea53e3145\COMCTL32.dll
0x00007ffa328f0000 - 0x00007ffa32b6d000 	C:\WINDOWS\system32\combase.dll
0x00007ffa31320000 - 0x00007ffa3138a000 	C:\WINDOWS\system32\bcryptPrimitives.dll
0x00007ffa328b0000 - 0x00007ffa328eb000 	C:\WINDOWS\system32\IMM32.DLL
0x0000000051fc0000 - 0x0000000052092000 	C:\Program Files\Java\jdk1.8.0_92\jre\bin\msvcr100.dll
0x00000000523f0000 - 0x0000000052c86000 	C:\Program Files\Java\jdk1.8.0_92\jre\bin\server\jvm.dll
0x00007ffa32250000 - 0x00007ffa32258000 	C:\WINDOWS\system32\PSAPI.DLL
0x00007ffa27550000 - 0x00007ffa27559000 	C:\WINDOWS\SYSTEM32\WSOCK32.dll
0x00007ffa32070000 - 0x00007ffa320db000 	C:\WINDOWS\system32\WS2_32.dll
0x00007ffa2eb00000 - 0x00007ffa2eb23000 	C:\WINDOWS\SYSTEM32\WINMM.dll
0x00007ffa2dca0000 - 0x00007ffa2dcaa000 	C:\WINDOWS\SYSTEM32\VERSION.dll
0x00007ffa2e970000 - 0x00007ffa2e99c000 	C:\WINDOWS\SYSTEM32\WINMMBASE.dll
0x00007ffa31240000 - 0x00007ffa31283000 	C:\WINDOWS\system32\cfgmgr32.dll
0x0000000053a70000 - 0x0000000053a7f000 	C:\Program Files\Java\jdk1.8.0_92\jre\bin\verify.dll
0x0000000053a40000 - 0x0000000053a69000 	C:\Program Files\Java\jdk1.8.0_92\jre\bin\java.dll
0x0000000053a20000 - 0x0000000053a36000 	C:\Program Files\Java\jdk1.8.0_92\jre\bin\zip.dll
0x00007ffa32b70000 - 0x00007ffa340cc000 	C:\WINDOWS\system32\SHELL32.dll
0x00007ffa30bf0000 - 0x00007ffa31235000 	C:\WINDOWS\system32\windows.storage.dll
0x00007ffa31e90000 - 0x00007ffa31ee2000 	C:\WINDOWS\system32\shlwapi.dll
0x00007ffa30bc0000 - 0x00007ffa30bcf000 	C:\WINDOWS\system32\kernel.appcore.dll
0x00007ffa31860000 - 0x00007ffa31915000 	C:\WINDOWS\system32\shcore.dll
0x00007ffa30b70000 - 0x00007ffa30bbb000 	C:\WINDOWS\system32\powrprof.dll
0x00007ffa30b50000 - 0x00007ffa30b64000 	C:\WINDOWS\system32\profapi.dll

VM Arguments:
jvm_args: -Djava.awt.headless=true -Xmx1024M -Dfile.encoding=windows-1252 -Duser.country=US -Duser.language=en -Duser.variant 
java_command: com.android.dx.command.Main --dex --force-jumbo --num-threads=4 --multi-dex --output C:\Users\Michael\Desktop\Android Development\PhotoCapture\GPSJournal\app\build\intermediates\transforms\dex\debug\folders\1000\10\com.android.support-mediarouter-v7-23.0.0_b732a4ee19bf3acc2ba383f4f317ade207e3459e C:\Users\Michael\Desktop\Android Development\PhotoCapture\GPSJournal\app\build\intermediates\exploded-aar\com.android.support\mediarouter-v7\23.0.0\jars\classes.jar
java_class_path (initial): C:\Users\Michael\AppData\Local\Android\sdk\build-tools\24.0.1\lib\dx.jar
Launcher Type: SUN_STANDARD

Environment Variables:
JAVA_HOME=C:\Program Files\Java\jdk1.8.0_92
PATH=C:\ProgramData\Oracle\Java\javapath;C:\Windows\system32;C:\Windows;C:\Windows\System32\Wbem;C:\Windows\System32\WindowsPowerShell\v1.0\;C:\Program Files (x86)\NVIDIA Corporation\PhysX\Common;C:\Program Files (x86)\Bitvise SSH Client;C:\WINDOWS\system32\config\systemprofile\.dnx\bin;C:\Program Files\Microsoft DNX\Dnvm\;C:\Program Files\Microsoft SQL Server\120\Tools\Binn\;C:\Program Files (x86)\Windows Kits\10\Windows Performance Toolkit\;C:\Program Files\Git\cmd;C:\Program Files (x86)\PuTTY\;C:\Program Files (x86)\nodejs\;C:\Program Files (x86)\Heroku\bin;C:\Program Files (x86)\git\cmd;C:\Program Files (x86)\Git\cmd;C:\WINDOWS\system32;C:\WINDOWS;C:\WINDOWS\System32\Wbem;C:\WINDOWS\System32\WindowsPowerShell\v1.0\;C:\Users\Michael\AppData\Local\Programs\Python\Python35\Scripts\;C:\Users\Michael\AppData\Local\Programs\Python\Python35\;C:\Program Files (x86)\SSH Communications Security\SSH Secure Shell;C:\Program Files (x86)\GmoteServer\bin\vlc;C:\Users\Michael\AppData\Roaming\npm
USERNAME=Michael
OS=Windows_NT
PROCESSOR_IDENTIFIER=Intel64 Family 6 Model 26 Stepping 5, GenuineIntel



---------------  S Y S T E M  ---------------

OS: Windows 10.0 , 64 bit Build 10586 (10.0.10586.0)

CPU:total 8 (4 cores per cpu, 2 threads per core) family 6 model 26 stepping 5, cmov, cx8, fxsr, mmx, sse, sse2, sse3, ssse3, sse4.1, sse4.2, popcnt, ht, tsc, tscinvbit, tscinv

Memory: 4k page, physical 12581356k(3563340k free), swap 13629932k(2076k free)

vm_info: Java HotSpot(TM) 64-Bit Server VM (25.92-b14) for windows-amd64 JRE (1.8.0_92-b14), built on Mar 31 2016 21:03:04 by "java_re" with MS VC++ 10.0 (VS2010)

time: Mon Aug 15 17:17:11 2016
elapsed time: 3 seconds (0d 0h 0m 3s)

